<?xml version="1.0" encoding="UTF-8"?>
<testng-results ignored="0" total="1" passed="1" failed="0" skipped="0">
  <reporter-output>
  </reporter-output>
  <suite started-at="2024-08-06T13:12:31 IST" name="Default suite" finished-at="2024-08-06T13:13:37 IST" duration-ms="66003">
    <groups>
    </groups>
    <test started-at="2024-08-06T13:12:31 IST" name="Default test" finished-at="2024-08-06T13:13:37 IST" duration-ms="66003">
      <class name="testCases.PageLoadTest">
        <test-method is-config="true" signature="SetUp()[pri:0, instance:testCases.PageLoadTest@158a8276]" started-at="2024-08-06T13:12:31 IST" name="SetUp" finished-at="2024-08-06T13:13:10 IST" duration-ms="39482" status="PASS">
          <reporter-output>
          </reporter-output>
        </test-method> <!-- SetUp -->
        <test-method signature="SubscribersTab()[pri:0, instance:testCases.PageLoadTest@158a8276]" started-at="2024-08-06T13:13:10 IST" name="SubscribersTab" finished-at="2024-08-06T13:13:36 IST" duration-ms="25396" status="PASS">
          <reporter-output>
          </reporter-output>
        </test-method> <!-- SubscribersTab -->
        <test-method is-config="true" signature="logTestStatus(org.testng.ITestResult)[pri:0, instance:testCases.PageLoadTest@158a8276]" started-at="2024-08-06T13:13:36 IST" name="logTestStatus" finished-at="2024-08-06T13:13:36 IST" duration-ms="20" status="PASS">
          <params>
            <param index="0">
              <value>
                <![CDATA[[TestResult name=SubscribersTab status=SUCCESS method=PageLoadTest.SubscribersTab()[pri:0, instance:testCases.PageLoadTest@158a8276] output={null}]]]>
              </value>
            </param>
          </params>
          <reporter-output>
          </reporter-output>
        </test-method> <!-- logTestStatus -->
        <test-method is-config="true" signature="tearDown()[pri:0, instance:testCases.PageLoadTest@158a8276]" started-at="2024-08-06T13:13:36 IST" name="tearDown" finished-at="2024-08-06T13:13:37 IST" duration-ms="895" status="PASS">
          <reporter-output>
          </reporter-output>
        </test-method> <!-- tearDown -->
      </class> <!-- testCases.PageLoadTest -->
    </test> <!-- Default test -->
  </suite> <!-- Default suite -->
</testng-results>
